<?xml version="1.0" encoding="UTF-8"?>
<!-- Generated by org.testng.reporters.JUnitXMLReporter -->
<testsuite hostname="GITAADHIKARI" ignored="0" name="Default test" tests="3" failures="0" timestamp="20 Sep 2019 02:47:37 GMT" time="38.556" errors="0">
  <testcase name="verifyTitleTextFinishTest" time="0.052" classname="com.saucedemo.qa.testcases.OrderFinishPageTest"/>
  <testcase name="verifyGreetingsTest" time="0.04" classname="com.saucedemo.qa.testcases.OrderFinishPageTest"/>
  <testcase name="clickOnlogoutBtnTest" time="0.082" classname="com.saucedemo.qa.testcases.OrderFinishPageTest"/>
</testsuite> <!-- Default test -->
